
> frontend@0.0.0 dev
> vite --host 127.0.0.1

Port 5173 is in use, trying another one...

  VITE v8.0.16  ready in 1930 ms

  ➜  Local:   http://127.0.0.1:5174/

> frontend@0.0.0 dev
> vite --host 127.0.0.1

Port 5173 is in use, trying another one...

  VITE v8.0.16  ready in 2790 ms

  ➜  Local:   http://127.0.0.1:5174/

> frontend@0.0.0 dev
> vite --host 127.0.0.1 --port 5175


  VITE v8.0.16  ready in 1936 ms

  ➜  Local:   http://127.0.0.1:5175/
5:34:12 AM [vite] (client) hmr update /src/pages/HomePage.jsx
5:34:12 AM [vite] (client) hmr update /src/pages/HomePage.jsx
5:34:44 AM [vite] (client) hmr update /src/pages/HomePage.jsx
5:37:58 AM [vite] (client) hmr update /src/pages/HomePage.jsx
5:38:19 AM [vite] (client) hmr update /src/pages/HomePage.jsx
5:41:37 AM [vite] (client) hmr update /src/pages/HomePage.jsx
5:41:37 AM [vite] (client) hmr update /src/pages/HomePage.jsx
5:41:53 AM [vite] (client) hmr update /src/pages/HomePage.jsx
5:46:00 AM [vite] (client) hmr update /src/pages/HomePage.jsx
5:46:23 AM [vite] (client) hmr update /src/pages/HomePage.jsx
5:56:08 AM [vite] (client) hmr update /src/components/VideosSection.jsx
5:56:47 AM [vite] (client) hmr update /src/pages/HomePage.jsx
6:01:46 AM [vite] (client) hmr update /src/components/ServicesSection.jsx
6:01:46 AM [vite] (client) hmr update /src/components/ServicesSection.jsx
6:04:23 AM [vite] (client) hmr update /src/components/ServiceCard.jsx
6:04:59 AM [vite] (client) hmr update /src/pages/HomePage.jsx
6:05:31 AM [vite] (client) hmr update /src/pages/HomePage.jsx
6:16:24 AM [vite] (client) hmr update /src/components/QuoteForm.jsx
6:16:24 AM [vite] (client) hmr update /src/components/QuoteForm.jsx
6:16:52 AM [vite] (client) hmr update /src/pages/HomePage.jsx
6:16:52 AM [vite] (client) hmr update /src/pages/HomePage.jsx
6:17:06 AM [vite] (client) hmr update /src/pages/HomePage.jsx

> frontend@0.0.0 dev
> vite --host 127.0.0.1 --port 5175 --force

1:12:38 PM [vite] (client) Forced re-optimization of dependencies

  VITE v8.0.16  ready in 2170 ms

  ➜  Local:   http://127.0.0.1:5175/
1:12:39 PM [vite] (client) [optimizer] bundling dependencies...
1:51:26 PM [vite] vite.config.js changed, restarting server...
1:51:26 PM [vite] vite.config.js changed, restarting server...
failed to load config from /home/userland/banda-mariscos/frontend/vite.config.js
1:51:27 PM [vite] It looks like you're trying to use `tailwindcss` directly as a PostCSS plugin. The PostCSS plugin has moved to a separate package, so to continue using Tailwind CSS with PostCSS you'll need to install `@tailwindcss/postcss` and update your PostCSS configuration.
1:51:27 PM [vite] server restart failed

> frontend@0.0.0 dev
> vite --host 127.0.0.1 --port 5175

failed to load config from /home/userland/banda-mariscos/frontend/vite.config.js
error when starting dev server:
Error: It looks like you're trying to use `tailwindcss` directly as a PostCSS plugin. The PostCSS plugin has moved to a separate package, so to continue using Tailwind CSS with PostCSS you'll need to install `@tailwindcss/postcss` and update your PostCSS configuration.
    at ga (file:///home/userland/banda-mariscos/frontend/node_modules/tailwindcss/dist/lib.mjs:38:1643)
    at file:///home/userland/banda-mariscos/frontend/node_modules/.vite-temp/vite.config.js.timestamp-1781013139445-9ca2cf601ca13.mjs:9:31
    at loadConfigFromFile (file:///home/userland/banda-mariscos/frontend/node_modules/vite/dist/node/chunks/node.js:34841:62)
    at async resolveConfig (file:///home/userland/banda-mariscos/frontend/node_modules/vite/dist/node/chunks/node.js:34465:22)
    at async _createServer (file:///home/userland/banda-mariscos/frontend/node_modules/vite/dist/node/chunks/node.js:26197:65)
    at async CAC.<anonymous> (file:///home/userland/banda-mariscos/frontend/node_modules/vite/dist/node/cli.js:708:18)

> frontend@0.0.0 dev
> vite --host 127.0.0.1 --port 5175

failed to load config from /home/userland/banda-mariscos/frontend/vite.config.js
error when starting dev server:
Error: It looks like you're trying to use `tailwindcss` directly as a PostCSS plugin. The PostCSS plugin has moved to a separate package, so to continue using Tailwind CSS with PostCSS you'll need to install `@tailwindcss/postcss` and update your PostCSS configuration.
    at ga (file:///home/userland/banda-mariscos/frontend/node_modules/tailwindcss/dist/lib.mjs:38:1643)
    at file:///home/userland/banda-mariscos/frontend/node_modules/.vite-temp/vite.config.js.timestamp-1781014796996-060a19b7ed21f.mjs:8:30
    at ModuleJob.run (node:internal/modules/esm/module_job:343:25)
    at async onImport.tracePromise.__proto__ (node:internal/modules/esm/loader:665:26)
    at async loadConfigFromBundledFile (file:///home/userland/banda-mariscos/frontend/node_modules/vite/dist/node/chunks/node.js:35006:12)
    at async bundleAndLoadConfigFile (file:///home/userland/banda-mariscos/frontend/node_modules/vite/dist/node/chunks/node.js:34872:17)
    at async loadConfigFromFile (file:///home/userland/banda-mariscos/frontend/node_modules/vite/dist/node/chunks/node.js:34839:42)
    at async resolveConfig (file:///home/userland/banda-mariscos/frontend/node_modules/vite/dist/node/chunks/node.js:34465:22)
    at async _createServer (file:///home/userland/banda-mariscos/frontend/node_modules/vite/dist/node/chunks/node.js:26197:65)
    at async CAC.<anonymous> (file:///home/userland/banda-mariscos/frontend/node_modules/vite/dist/node/cli.js:708:18)

> frontend@0.0.0 dev
> vite --host 127.0.0.1 --port 5175


  VITE v8.0.16  ready in 2193 ms

  ➜  Local:   http://127.0.0.1:5175/

> frontend@0.0.0 dev
> vite --host 127.0.0.1 --port 5175 --force

3:00:02 PM [vite] (client) Forced re-optimization of dependencies

  VITE v8.0.16  ready in 6348 ms

  ➜  Local:   http://127.0.0.1:5175/
3:00:07 PM [vite] (client) [optimizer] bundling dependencies...
3:00:39 PM [vite] Internal server error: [postcss] It looks like you're trying to use `tailwindcss` directly as a PostCSS plugin. The PostCSS plugin has moved to a separate package, so to continue using Tailwind CSS with PostCSS you'll need to install `@tailwindcss/postcss` and update your PostCSS configuration.
  Plugin: vite:css
  File: /home/userland/banda-mariscos/frontend/src/index.css:undefined:NaN
      at ft (/home/userland/banda-mariscos/frontend/node_modules/tailwindcss/dist/lib.js:38:1643)
      at LazyResult.runOnRoot (/home/userland/banda-mariscos/frontend/node_modules/postcss/lib/lazy-result.js:361:16)
      at LazyResult.runAsync (/home/userland/banda-mariscos/frontend/node_modules/postcss/lib/lazy-result.js:290:26)
      at async runPostCSS (file:///home/userland/banda-mariscos/frontend/node_modules/vite/dist/node/chunks/node.js:21166:19)
      at async compilePostCSS (file:///home/userland/banda-mariscos/frontend/node_modules/vite/dist/node/chunks/node.js:21150:6)
      at async compileCSS (file:///home/userland/banda-mariscos/frontend/node_modules/vite/dist/node/chunks/node.js:21080:26)
      at async TransformPluginContext.handler (file:///home/userland/banda-mariscos/frontend/node_modules/vite/dist/node/chunks/node.js:20588:47)
      at async EnvironmentPluginContainer.transform (file:///home/userland/banda-mariscos/frontend/node_modules/vite/dist/node/chunks/node.js:30387:14)
      at async loadAndTransform (file:///home/userland/banda-mariscos/frontend/node_modules/vite/dist/node/chunks/node.js:24646:26)
3:00:39 PM [vite] (client) Pre-transform error: [postcss] It looks like you're trying to use `tailwindcss` directly as a PostCSS plugin. The PostCSS plugin has moved to a separate package, so to continue using Tailwind CSS with PostCSS you'll need to install `@tailwindcss/postcss` and update your PostCSS configuration.
  Plugin: vite:css
  File: /home/userland/banda-mariscos/frontend/src/index.css:undefined:NaN
3:01:22 PM [vite] Internal server error: [postcss] It looks like you're trying to use `tailwindcss` directly as a PostCSS plugin. The PostCSS plugin has moved to a separate package, so to continue using Tailwind CSS with PostCSS you'll need to install `@tailwindcss/postcss` and update your PostCSS configuration.
  Plugin: vite:css
  File: /home/userland/banda-mariscos/frontend/src/index.css:undefined:NaN
      at ft (/home/userland/banda-mariscos/frontend/node_modules/tailwindcss/dist/lib.js:38:1643)
      at LazyResult.runOnRoot (/home/userland/banda-mariscos/frontend/node_modules/postcss/lib/lazy-result.js:361:16)
      at LazyResult.runAsync (/home/userland/banda-mariscos/frontend/node_modules/postcss/lib/lazy-result.js:290:26)
      at async runPostCSS (file:///home/userland/banda-mariscos/frontend/node_modules/vite/dist/node/chunks/node.js:21166:19)
      at async compilePostCSS (file:///home/userland/banda-mariscos/frontend/node_modules/vite/dist/node/chunks/node.js:21150:6)
      at async compileCSS (file:///home/userland/banda-mariscos/frontend/node_modules/vite/dist/node/chunks/node.js:21080:26)
      at async TransformPluginContext.handler (file:///home/userland/banda-mariscos/frontend/node_modules/vite/dist/node/chunks/node.js:20588:47)
      at async EnvironmentPluginContainer.transform (file:///home/userland/banda-mariscos/frontend/node_modules/vite/dist/node/chunks/node.js:30387:14)
      at async loadAndTransform (file:///home/userland/banda-mariscos/frontend/node_modules/vite/dist/node/chunks/node.js:24646:26)
      at async viteTransformMiddleware (file:///home/userland/banda-mariscos/frontend/node_modules/vite/dist/node/chunks/node.js:24440:20)

> frontend@0.0.0 dev
> vite --host 127.0.0.1 --port 5175 --force

3:42:44 PM [vite] (client) Forced re-optimization of dependencies

  VITE v8.0.16  ready in 5540 ms

  ➜  Local:   http://127.0.0.1:5175/
3:42:48 PM [vite] (client) [optimizer] bundling dependencies...
3:42:57 PM [vite] Internal server error: Failed to load PostCSS config (searchPath: /home/userland/banda-mariscos/frontend): [Error] Loading PostCSS Plugin failed: Cannot find module '@tailwindcss/postcss'
Require stack:
- /home/userland/banda-mariscos/frontend/postcss.config.js

(@/home/userland/banda-mariscos/frontend/postcss.config.js)
Error: Loading PostCSS Plugin failed: Cannot find module '@tailwindcss/postcss'
Require stack:
- /home/userland/banda-mariscos/frontend/postcss.config.js

(@/home/userland/banda-mariscos/frontend/postcss.config.js)
    at load (file:///home/userland/banda-mariscos/frontend/node_modules/vite/dist/node/chunks/node.js:19766:10)
    at async Promise.all (index 0)
    at async plugins (file:///home/userland/banda-mariscos/frontend/node_modules/vite/dist/node/chunks/node.js:19788:11)
    at async processResult (file:///home/userland/banda-mariscos/frontend/node_modules/vite/dist/node/chunks/node.js:19826:13)
  Plugin: vite:css
  File: /home/userland/banda-mariscos/frontend/src/index.css
3:42:57 PM [vite] (client) Pre-transform error: Failed to load PostCSS config (searchPath: /home/userland/banda-mariscos/frontend): [Error] Loading PostCSS Plugin failed: Cannot find module '@tailwindcss/postcss'
Require stack:
- /home/userland/banda-mariscos/frontend/postcss.config.js

(@/home/userland/banda-mariscos/frontend/postcss.config.js)
Error: Loading PostCSS Plugin failed: Cannot find module '@tailwindcss/postcss'
Require stack:
- /home/userland/banda-mariscos/frontend/postcss.config.js

(@/home/userland/banda-mariscos/frontend/postcss.config.js)
    at load (file:///home/userland/banda-mariscos/frontend/node_modules/vite/dist/node/chunks/node.js:19766:10)
    at async Promise.all (index 0)
    at async plugins (file:///home/userland/banda-mariscos/frontend/node_modules/vite/dist/node/chunks/node.js:19788:11)
    at async processResult (file:///home/userland/banda-mariscos/frontend/node_modules/vite/dist/node/chunks/node.js:19826:13)
  Plugin: vite:css
  File: /home/userland/banda-mariscos/frontend/src/index.css

> frontend@0.0.0 dev
> vite --host 127.0.0.1 --port 5175 --force

3:45:37 PM [vite] (client) Forced re-optimization of dependencies

  VITE v8.0.16  ready in 11267 ms

  ➜  Local:   http://127.0.0.1:5175/
3:45:47 PM [vite] (client) [optimizer] bundling dependencies...
3:48:53 PM [vite] vite.config.js changed, restarting server...
3:48:53 PM [vite] vite.config.js changed, restarting server...
3:48:54 PM [vite] (client) Forced re-optimization of dependencies
3:48:55 PM [vite] server restarted.
3:48:56 PM [vite] (client) [optimizer] bundling dependencies...

> frontend@0.0.0 dev
> vite --host 127.0.0.1 --port 5175 --force

3:50:06 PM [vite] (client) Forced re-optimization of dependencies

  VITE v8.0.16  ready in 7606 ms

  ➜  Local:   http://127.0.0.1:5175/
3:50:07 PM [vite] (client) [optimizer] bundling dependencies...
Killed

> frontend@0.0.0 dev
> vite --host 127.0.0.1 --port 5175

3:52:38 PM [vite] (client) Re-optimizing dependencies because vite config has changed

  VITE v8.0.16  ready in 1835 ms

  ➜  Local:   http://127.0.0.1:5175/
3:52:40 PM [vite] (client) [optimizer] bundling dependencies...
3:56:46 PM [vite] (client) hmr update /src/index.css
3:56:46 PM [vite] (client) hmr update /src/index.css
3:57:05 PM [vite] (client) page reload src/main.jsx
4:00:01 PM [vite] (client) hmr update /src/index.css
4:00:01 PM [vite] (client) hmr update /src/index.css
4:00:12 PM [vite] (client) page reload src/main.jsx
4:00:12 PM [vite] (client) page reload src/main.jsx
Killed

> frontend@0.0.0 dev
> vite --host 127.0.0.1 --port 5175 --force

4:00:51 PM [vite] (client) Forced re-optimization of dependencies

  VITE v8.0.16  ready in 2280 ms

  ➜  Local:   http://127.0.0.1:5175/
4:00:52 PM [vite] (client) [optimizer] bundling dependencies...
4:05:43 PM [vite] vite.config.js changed, restarting server...
4:05:43 PM [vite] vite.config.js changed, restarting server...
4:05:45 PM [vite] (client) Forced re-optimization of dependencies
4:05:46 PM [vite] server restarted.
4:05:47 PM [vite] (client) [optimizer] bundling dependencies...
Killed

> frontend@0.0.0 dev
> vite --host 127.0.0.1 --port 5175 --force

4:07:01 PM [vite] (client) Forced re-optimization of dependencies

  VITE v8.0.16  ready in 3717 ms

  ➜  Local:   http://127.0.0.1:5175/
4:07:03 PM [vite] (client) [optimizer] bundling dependencies...
[vite:css][postcss] @import must precede all other statements (besides @charset or empty @layer)
849 |    }
850 |  }
851 |  @import url('https://fonts.googleapis.com/css2?family=Bebas+Neue&family=Inter:wght@300;400;500;600;700&display=swap');
    |  ^^^^^^^^^^^^^^^^^^^^^^^^^^^^^^^^^^^^^^^^^^^^^^^^^^^^^^^^^^^^^^^^^^^^^^^^^^^^^^^^^^^^^^^^^^^^^^^^^^^^^^^^^^^^^^^^^^^^^^
852 |  html {
853 |    scroll-behavior: smooth;
Killed

> frontend@0.0.0 dev
> vite --host 127.0.0.1 --port 5175 --force

10:18:44 PM [vite] (client) Forced re-optimization of dependencies

  VITE v8.0.16  ready in 5634 ms

  ➜  Local:   http://127.0.0.1:5175/
10:18:46 PM [vite] (client) [optimizer] bundling dependencies...
[vite:css][postcss] @import must precede all other statements (besides @charset or empty @layer)
883 |    }
884 |  }
885 |  @import url('https://fonts.googleapis.com/css2?family=Bebas+Neue&family=Inter:wght@300;400;500;600;700&display=swap');
    |  ^^^^^^^^^^^^^^^^^^^^^^^^^^^^^^^^^^^^^^^^^^^^^^^^^^^^^^^^^^^^^^^^^^^^^^^^^^^^^^^^^^^^^^^^^^^^^^^^^^^^^^^^^^^^^^^^^^^^^^
886 |  html {
887 |    scroll-behavior: smooth;
Killed

> frontend@0.0.0 dev
> vite --host 127.0.0.1 --port 5175 --force

12:19:36 AM [vite] (client) Forced re-optimization of dependencies

  VITE v8.0.16  ready in 4451 ms

  ➜  Local:   http://127.0.0.1:5175/
12:19:38 AM [vite] (client) [optimizer] bundling dependencies...
Killed

> frontend@0.0.0 dev
> vite --host 127.0.0.1 --port 5175 --force

12:21:27 AM [vite] (client) Forced re-optimization of dependencies

  VITE v8.0.16  ready in 4022 ms

  ➜  Local:   http://127.0.0.1:5175/
12:21:29 AM [vite] (client) [optimizer] bundling dependencies...
[vite:css][postcss] @import must precede all other statements (besides @charset or empty @layer)
883 |    }
884 |  }
885 |  @import url('https://fonts.googleapis.com/css2?family=Bebas+Neue&family=Inter:wght@300;400;500;600;700&display=swap');
    |  ^^^^^^^^^^^^^^^^^^^^^^^^^^^^^^^^^^^^^^^^^^^^^^^^^^^^^^^^^^^^^^^^^^^^^^^^^^^^^^^^^^^^^^^^^^^^^^^^^^^^^^^^^^^^^^^^^^^^^^
886 |  html {
887 |    scroll-behavior: smooth;
1:48:15 AM [vite] (client) hmr update /src/components/HeroSection.jsx, /src/index.css
Killed

> frontend@0.0.0 dev
> vite --host 127.0.0.1 --port 5175 --force

1:48:52 AM [vite] (client) Forced re-optimization of dependencies

  VITE v8.0.16  ready in 14483 ms

  ➜  Local:   http://127.0.0.1:5175/
1:48:53 AM [vite] (client) [optimizer] bundling dependencies...
[vite:css][postcss] @import must precede all other statements (besides @charset or empty @layer)
865 |    }
866 |  }
867 |  @import url('https://fonts.googleapis.com/css2?family=Bebas+Neue&family=Inter:wght@300;400;500;600;700&display=swap');
    |  ^^^^^^^^^^^^^^^^^^^^^^^^^^^^^^^^^^^^^^^^^^^^^^^^^^^^^^^^^^^^^^^^^^^^^^^^^^^^^^^^^^^^^^^^^^^^^^^^^^^^^^^^^^^^^^^^^^^^^^
868 |  html {
869 |    scroll-behavior: smooth;
3:13:44 AM [vite] (client) hmr update /src/pages/HomePage.jsx, /src/index.css
Killed

> frontend@0.0.0 dev
> vite --host 127.0.0.1 --port 5175 --force

3:14:12 AM [vite] (client) Forced re-optimization of dependencies

  VITE v8.0.16  ready in 4765 ms

  ➜  Local:   http://127.0.0.1:5175/
3:14:14 AM [vite] (client) [optimizer] bundling dependencies...
[vite:css][postcss] @import must precede all other statements (besides @charset or empty @layer)
874 |    }
875 |  }
876 |  @import url('https://fonts.googleapis.com/css2?family=Bebas+Neue&family=Inter:wght@300;400;500;600;700&display=swap');
    |  ^^^^^^^^^^^^^^^^^^^^^^^^^^^^^^^^^^^^^^^^^^^^^^^^^^^^^^^^^^^^^^^^^^^^^^^^^^^^^^^^^^^^^^^^^^^^^^^^^^^^^^^^^^^^^^^^^^^^^^
877 |  html {
878 |    scroll-behavior: smooth;
3:36:26 AM [vite] (client) hmr update /src/components/QuoteForm.jsx, /src/index.css
3:36:26 AM [vite] (client) hmr update /src/components/QuoteForm.jsx, /src/index.css
Killed

> frontend@0.0.0 dev
> vite --host 127.0.0.1 --port 5175 --force

3:38:14 AM [vite] (client) Forced re-optimization of dependencies

  VITE v8.0.16  ready in 6815 ms

  ➜  Local:   http://127.0.0.1:5175/
3:38:16 AM [vite] (client) [optimizer] bundling dependencies...
[vite:css][postcss] @import must precede all other statements (besides @charset or empty @layer)
874 |    }
875 |  }
876 |  @import url('https://fonts.googleapis.com/css2?family=Bebas+Neue&family=Inter:wght@300;400;500;600;700&display=swap');
    |  ^^^^^^^^^^^^^^^^^^^^^^^^^^^^^^^^^^^^^^^^^^^^^^^^^^^^^^^^^^^^^^^^^^^^^^^^^^^^^^^^^^^^^^^^^^^^^^^^^^^^^^^^^^^^^^^^^^^^^^
877 |  html {
878 |    scroll-behavior: smooth;
3:43:39 AM [vite] (client) hmr update /src/components/VideosSection.jsx, /src/index.css
3:43:39 AM [vite] (client) hmr update /src/components/VideosSection.jsx, /src/index.css
Killed

> frontend@0.0.0 dev
> vite --host 127.0.0.1 --port 5175 --force

3:44:06 AM [vite] (client) Forced re-optimization of dependencies

  VITE v8.0.16  ready in 4875 ms

  ➜  Local:   http://127.0.0.1:5175/
3:44:07 AM [vite] (client) [optimizer] bundling dependencies...
[vite:css][postcss] @import must precede all other statements (besides @charset or empty @layer)
938 |    }
939 |  }
940 |  @import url('https://fonts.googleapis.com/css2?family=Bebas+Neue&family=Inter:wght@300;400;500;600;700&display=swap');
    |  ^^^^^^^^^^^^^^^^^^^^^^^^^^^^^^^^^^^^^^^^^^^^^^^^^^^^^^^^^^^^^^^^^^^^^^^^^^^^^^^^^^^^^^^^^^^^^^^^^^^^^^^^^^^^^^^^^^^^^^
941 |  html {
942 |    scroll-behavior: smooth;
4:01:38 AM [vite] (client) hmr update /src/pages/HomePage.jsx, /src/index.css
Killed

> frontend@0.0.0 dev
> vite --host 127.0.0.1 --port 5175 --force

4:02:24 AM [vite] (client) Forced re-optimization of dependencies

  VITE v8.0.16  ready in 3857 ms

  ➜  Local:   http://127.0.0.1:5175/
4:02:26 AM [vite] (client) [optimizer] bundling dependencies...
[vite:css][postcss] @import must precede all other statements (besides @charset or empty @layer)
992 |    }
993 |  }
994 |  @import url('https://fonts.googleapis.com/css2?family=Bebas+Neue&family=Inter:wght@300;400;500;600;700&display=swap');
    |  ^^^^^^^^^^^^^^^^^^^^^^^^^^^^^^^^^^^^^^^^^^^^^^^^^^^^^^^^^^^^^^^^^^^^^^^^^^^^^^^^^^^^^^^^^^^^^^^^^^^^^^^^^^^^^^^^^^^^^^
995 |  html {
996 |    scroll-behavior: smooth;
4:05:19 AM [vite] (client) hmr update /src/components/WhatsAppButton.jsx, /src/index.css
4:05:19 AM [vite] (client) hmr update /src/components/WhatsAppButton.jsx, /src/index.css
4:05:54 AM [vite] (client) hmr update /src/pages/HomePage.jsx, /src/index.css
Killed

> frontend@0.0.0 dev
> vite --host 127.0.0.1 --port 5175 --force

4:06:23 AM [vite] (client) Forced re-optimization of dependencies

  VITE v8.0.16  ready in 4180 ms

  ➜  Local:   http://127.0.0.1:5175/
4:06:25 AM [vite] (client) [optimizer] bundling dependencies...
[vite:css][postcss] @import must precede all other statements (besides @charset or empty @layer)
1026 |    }
1027 |  }
1028 |  @import url('https://fonts.googleapis.com/css2?family=Bebas+Neue&family=Inter:wght@300;400;500;600;700&display=swap');
     |  ^^^^^^^^^^^^^^^^^^^^^^^^^^^^^^^^^^^^^^^^^^^^^^^^^^^^^^^^^^^^^^^^^^^^^^^^^^^^^^^^^^^^^^^^^^^^^^^^^^^^^^^^^^^^^^^^^^^^^^
1029 |  html {
1030 |    scroll-behavior: smooth;
4:11:51 AM [vite] (client) hmr update /src/components/WhatsAppButton.jsx, /src/index.css
4:11:51 AM [vite] (client) hmr update /src/components/WhatsAppButton.jsx, /src/index.css
Killed

> frontend@0.0.0 dev
> vite --host 127.0.0.1 --port 5175 --force

4:12:19 AM [vite] (client) Forced re-optimization of dependencies

  VITE v8.0.16  ready in 3699 ms

  ➜  Local:   http://127.0.0.1:5175/
4:12:20 AM [vite] (client) [optimizer] bundling dependencies...
[vite:css][postcss] @import must precede all other statements (besides @charset or empty @layer)
1026 |    }
1027 |  }
1028 |  @import url('https://fonts.googleapis.com/css2?family=Bebas+Neue&family=Inter:wght@300;400;500;600;700&display=swap');
     |  ^^^^^^^^^^^^^^^^^^^^^^^^^^^^^^^^^^^^^^^^^^^^^^^^^^^^^^^^^^^^^^^^^^^^^^^^^^^^^^^^^^^^^^^^^^^^^^^^^^^^^^^^^^^^^^^^^^^^^^
1029 |  html {
1030 |    scroll-behavior: smooth;
4:28:03 AM [vite] (client) hmr update /src/components/ServiceCard.jsx, /src/index.css
4:28:03 AM [vite] (client) hmr update /src/components/ServiceCard.jsx, /src/index.css
Killed
